	Command being timed: "/projects/bgmp/perrisn/bioinfo/Bi622/Demultiplex/Assignment-the-first/part1_script.py --filename /projects/bgmp/shared/2017_sequencing/1294_S1_L008_R1_001.fastq.gz -l 101 -o /projects/bgmp/perrisn/bioinfo/Bi622/Demultiplex/Assignment-the-first/read1_file"
	User time (seconds): 8265.22
	System time (seconds): 2.95
	Percent of CPU this job got: 97%
	Elapsed (wall clock) time (h:mm:ss or m:ss): 2:21:07
	Average shared text size (kbytes): 0
	Average unshared data size (kbytes): 0
	Average stack size (kbytes): 0
	Average total size (kbytes): 0
	Maximum resident set size (kbytes): 75432
	Average resident set size (kbytes): 0
	Major (requiring I/O) page faults: 0
	Minor (reclaiming a frame) page faults: 98871
	Voluntary context switches: 4605
	Involuntary context switches: 2365
	Swaps: 0
	File system inputs: 0
	File system outputs: 0
	Socket messages sent: 0
	Socket messages received: 0
	Signals delivered: 0
	Page size (bytes): 4096
	Exit status: 0
