	Command being timed: "/projects/bgmp/perrisn/bioinfo/Bi622/Demultiplex/Assignment-the-first/part1_script.py --filename /projects/bgmp/shared/2017_sequencing/1294_S1_L008_R2_001.fastq.gz -l 8 -o /projects/bgmp/perrisn/bioinfo/Bi622/Demultiplex/Assignment-the-first/index1_file"
	User time (seconds): 1328.20
	System time (seconds): 0.87
	Percent of CPU this job got: 99%
	Elapsed (wall clock) time (h:mm:ss or m:ss): 22:16.05
	Average shared text size (kbytes): 0
	Average unshared data size (kbytes): 0
	Average stack size (kbytes): 0
	Average total size (kbytes): 0
	Maximum resident set size (kbytes): 65872
	Average resident set size (kbytes): 0
	Major (requiring I/O) page faults: 0
	Minor (reclaiming a frame) page faults: 39109
	Voluntary context switches: 791
	Involuntary context switches: 424
	Swaps: 0
	File system inputs: 0
	File system outputs: 0
	Socket messages sent: 0
	Socket messages received: 0
	Signals delivered: 0
	Page size (bytes): 4096
	Exit status: 0
